Comentario | --tiempo promedio de revisiones en el utlimo trimestre | 0 | 3
Identificador | select | 0 | 5
Identificador | avg | 7 | 5
Operador | ( | 10 | 5
Identificador | DATEDIFF | 11 | 5
Operador | ( | 19 | 5
Identificador | hour | 20 | 5
Simbolo | , | 24 | 5
Identificador | a | 26 | 5
Simbolo | . | 27 | 5
Identificador | hora | 28 | 5
Identificador | _inicio | 32 | 5
Simbolo | , | 39 | 5
Identificador | a | 41 | 5
Simbolo | . | 42 | 5
Identificador | hora | 43 | 5
Identificador | _fin | 47 | 5
Operador | ) | 51 | 5
Operador | ) | 52 | 5
Identificador | as | 54 | 5
Identificador | promedio | 57 | 5
Identificador | _tiempo | 65 | 5
Identificador | from | 0 | 6
Identificador | DETALLE | 5 | 6
Identificador | _REVISION | 12 | 6
Identificador | a | 22 | 6
Identificador | inner | 24 | 6
Identificador | join | 30 | 6
Identificador | REVISION | 35 | 6
Identificador | b | 44 | 6
Identificador | on | 46 | 6
Identificador | a | 49 | 6
Simbolo | . | 50 | 6
Identificador | id | 51 | 6
Identificador | _revision | 53 | 6
Operador | = | 63 | 6
Identificador | b | 65 | 6
Simbolo | . | 66 | 6
Identificador | id | 67 | 6
Identificador | _revision | 69 | 6
Identificador | where | 0 | 7
Identificador | DATEDIFF | 6 | 7
Operador | ( | 14 | 7
Identificador | month | 15 | 7
Simbolo | , | 20 | 7
Identificador | b | 22 | 7
Simbolo | . | 23 | 7
Identificador | fecha | 24 | 7
Identificador | _revision | 29 | 7
Simbolo | , | 38 | 7
Identificador | getdate | 40 | 7
Operador | () | 47 | 7
Operador | ) | 49 | 7
Operador | <= | 51 | 7
Entero | 3 | 54 | 7
Comentario | --listado de clientes con sus respectivas compras | 0 | 9
Identificador | select | 0 | 11
Identificador | a | 7 | 11
Simbolo | . | 8 | 11
Identificador | nombres | 9 | 11
Simbolo | , | 16 | 11
Identificador | b | 18 | 11
Simbolo | . | 19 | 11
Identificador | placa | 20 | 11
Simbolo | , | 25 | 11
Identificador | b | 27 | 11
Simbolo | . | 28 | 11
Identificador | marca | 29 | 11
Simbolo | , | 34 | 11
Identificador | b | 36 | 11
Simbolo | . | 37 | 11
Identificador | modelo | 38 | 11
Identificador | from | 0 | 12
Identificador | CLIENTE | 5 | 12
Identificador | a | 13 | 12
Identificador | inner | 15 | 12
Identificador | join | 21 | 12
Identificador | AUTOMOVIL | 26 | 12
Identificador | b | 36 | 12
Identificador | on | 38 | 12
Identificador | a | 41 | 12
Simbolo | . | 42 | 12
Identificador | dpi | 43 | 12
Operador | = | 47 | 12
Identificador | b | 49 | 12
Simbolo | . | 50 | 12
Identificador | comprador | 51 | 12
Identificador | group | 0 | 13
Identificador | by | 6 | 13
Identificador | a | 9 | 13
Simbolo | . | 10 | 13
Identificador | nombres | 11 | 13
Simbolo | , | 18 | 13
Identificador | b | 20 | 13
Simbolo | . | 21 | 13
Identificador | placa | 22 | 13
Simbolo | , | 27 | 13
Identificador | b | 29 | 13
Simbolo | . | 30 | 13
Identificador | marca | 31 | 13
Simbolo | , | 36 | 13
Identificador | b | 38 | 13
Simbolo | . | 39 | 13
Identificador | modelo | 40 | 13
Simbolo | , | 46 | 13
Identificador | b | 48 | 13
Simbolo | . | 49 | 13
Identificador | comprador | 50 | 13
Identificador | order | 0 | 14
Identificador | by | 6 | 14
Identificador | b | 9 | 14
Simbolo | . | 10 | 14
Identificador | comprador | 11 | 14
Comentario | --Cantidad de operaciones por vehiculo, que hayan utilizado por lo menos 2 materiales | 0 | 16
Identificador | select | 0 | 18
Identificador | count | 7 | 18
Operador | ( | 12 | 18
Entero | 1 | 13 | 18
Operador | ) | 14 | 18
Identificador | as | 16 | 18
Identificador | cantidad | 19 | 18
Identificador | _operaciones | 27 | 18
Identificador | from | 0 | 19
Identificador | REVISION | 5 | 19
Identificador | a | 14 | 19
Identificador | inner | 16 | 19
Identificador | join | 22 | 19
Identificador | DETALLE | 27 | 19
Identificador | _REVISION | 34 | 19
Identificador | b | 44 | 19
Identificador | on | 46 | 19
Identificador | a | 49 | 19
Simbolo | . | 50 | 19
Identificador | id | 51 | 19
Identificador | _revision | 53 | 19
Operador | = | 63 | 19
Identificador | b | 65 | 19
Simbolo | . | 66 | 19
Identificador | id | 67 | 19
Identificador | _revision | 69 | 19
Identificador | inner | 4 | 20
Identificador | join | 10 | 20
Identificador | OPERACION | 15 | 20
Identificador | c | 25 | 20
Identificador | on | 27 | 20
Identificador | c | 30 | 20
Simbolo | . | 31 | 20
Identificador | id | 32 | 20
Identificador | _operacion | 34 | 20
Operador | = | 45 | 20
Identificador | b | 47 | 20
Simbolo | . | 48 | 20
Identificador | id | 49 | 20
Identificador | _operacion | 51 | 20
Identificador | inner | 4 | 21
Identificador | join | 10 | 21
Identificador | DETALLE | 15 | 21
Identificador | _OPERACION | 22 | 21
Identificador | d | 33 | 21
Identificador | on | 35 | 21
Identificador | d | 38 | 21
Simbolo | . | 39 | 21
Identificador | id | 40 | 21
Identificador | _operacion | 42 | 21
Operador | = | 53 | 21
Identificador | c | 55 | 21
Simbolo | . | 56 | 21
Identificador | id | 57 | 21
Identificador | _operacion | 59 | 21
Identificador | where | 0 | 22
Identificador | d | 6 | 22
Simbolo | . | 7 | 22
Identificador | id | 8 | 22
Identificador | _operacion | 10 | 22
Identificador | in | 21 | 22
Operador | ( | 24 | 22
Identificador | select | 25 | 22
Identificador | ed | 32 | 22
Simbolo | . | 34 | 22
Identificador | id | 35 | 22
Identificador | _operacion | 37 | 22
Identificador | from | 48 | 22
Identificador | DETALLE | 53 | 22
Identificador | _OPERACION | 60 | 22
Identificador | ed | 71 | 22
Identificador | group | 74 | 22
Identificador | by | 80 | 22
Identificador | ed | 83 | 22
Simbolo | . | 85 | 22
Identificador | id | 86 | 22
Identificador | _operacion | 88 | 22
Identificador | having | 99 | 22
Identificador | count | 106 | 22
Operador | ( | 111 | 22
Identificador | ed | 112 | 22
Simbolo | . | 114 | 22
Identificador | id | 115 | 22
Identificador | _material | 117 | 22
Operador | ) | 126 | 22
Operador | > | 128 | 22
Entero | 1 | 130 | 22
Operador | ) | 131 | 22
